<?xml version="1.0" encoding="UTF-8"?>
<testsuite xmlns:xsi="http://www.w3.org/2001/XMLSchema-instance" xsi:noNamespaceSchemaLocation="https://maven.apache.org/surefire/maven-surefire-plugin/xsd/surefire-test-report.xsd" name="org.talend.poc.salesforce.marketing.SalesforceMarketingSoapTest" time="5.222" tests="1" errors="0" skipped="0" failures="0">
  <properties>
    <property name="sun.desktop" value="gnome"/>
    <property name="awt.toolkit" value="sun.awt.X11.XToolkit"/>
    <property name="java.specification.version" value="11"/>
    <property name="sun.cpu.isalist" value=""/>
    <property name="sun.jnu.encoding" value="UTF-8"/>
    <property name="java.class.path" value="/home/yves/dev/github/perso/salesforce-marketing-poc/soap/target/test-classes:/home/yves/dev/github/perso/salesforce-marketing-poc/soap/target/classes:/home/yves/.m2/repository/org/apache/cxf/cxf-rt-frontend-jaxws/3.5.5/cxf-rt-frontend-jaxws-3.5.5.jar:/home/yves/.m2/repository/xml-resolver/xml-resolver/1.2/xml-resolver-1.2.jar:/home/yves/.m2/repository/org/ow2/asm/asm/9.4/asm-9.4.jar:/home/yves/.m2/repository/org/apache/cxf/cxf-core/3.5.5/cxf-core-3.5.5.jar:/home/yves/.m2/repository/org/glassfish/jaxb/jaxb-runtime/2.3.5/jaxb-runtime-2.3.5.jar:/home/yves/.m2/repository/org/glassfish/jaxb/txw2/2.3.5/txw2-2.3.5.jar:/home/yves/.m2/repository/com/sun/istack/istack-commons-runtime/3.0.12/istack-commons-runtime-3.0.12.jar:/home/yves/.m2/repository/com/fasterxml/woodstox/woodstox-core/6.4.0/woodstox-core-6.4.0.jar:/home/yves/.m2/repository/org/codehaus/woodstox/stax2-api/4.2.1/stax2-api-4.2.1.jar:/home/yves/.m2/repository/org/apache/ws/xmlschema/xmlschema-core/2.3.0/xmlschema-core-2.3.0.jar:/home/yves/.m2/repository/jakarta/xml/bind/jakarta.xml.bind-api/2.3.3/jakarta.xml.bind-api-2.3.3.jar:/home/yves/.m2/repository/org/apache/cxf/cxf-rt-bindings-soap/3.5.5/cxf-rt-bindings-soap-3.5.5.jar:/home/yves/.m2/repository/org/apache/cxf/cxf-rt-wsdl/3.5.5/cxf-rt-wsdl-3.5.5.jar:/home/yves/.m2/repository/wsdl4j/wsdl4j/1.6.3/wsdl4j-1.6.3.jar:/home/yves/.m2/repository/org/apache/cxf/cxf-rt-databinding-jaxb/3.5.5/cxf-rt-databinding-jaxb-3.5.5.jar:/home/yves/.m2/repository/org/apache/cxf/cxf-rt-bindings-xml/3.5.5/cxf-rt-bindings-xml-3.5.5.jar:/home/yves/.m2/repository/org/apache/cxf/cxf-rt-frontend-simple/3.5.5/cxf-rt-frontend-simple-3.5.5.jar:/home/yves/.m2/repository/org/apache/cxf/cxf-rt-ws-addr/3.5.5/cxf-rt-ws-addr-3.5.5.jar:/home/yves/.m2/repository/org/apache/cxf/cxf-rt-ws-policy/3.5.5/cxf-rt-ws-policy-3.5.5.jar:/home/yves/.m2/repository/org/apache/neethi/neethi/3.2.0/neethi-3.2.0.jar:/home/yves/.m2/repository/jakarta/annotation/jakarta.annotation-api/1.3.5/jakarta.annotation-api-1.3.5.jar:/home/yves/.m2/repository/jakarta/xml/ws/jakarta.xml.ws-api/2.3.3/jakarta.xml.ws-api-2.3.3.jar:/home/yves/.m2/repository/jakarta/jws/jakarta.jws-api/2.1.0/jakarta.jws-api-2.1.0.jar:/home/yves/.m2/repository/jakarta/xml/soap/jakarta.xml.soap-api/1.4.2/jakarta.xml.soap-api-1.4.2.jar:/home/yves/.m2/repository/jakarta/activation/jakarta.activation-api/1.2.2/jakarta.activation-api-1.2.2.jar:/home/yves/.m2/repository/com/sun/activation/jakarta.activation/1.2.2/jakarta.activation-1.2.2.jar:/home/yves/.m2/repository/com/sun/xml/messaging/saaj/saaj-impl/1.5.3/saaj-impl-1.5.3.jar:/home/yves/.m2/repository/org/jvnet/staxex/stax-ex/1.8.3/stax-ex-1.8.3.jar:/home/yves/.m2/repository/org/apache/geronimo/specs/geronimo-jta_1.1_spec/1.1.1/geronimo-jta_1.1_spec-1.1.1.jar:/home/yves/.m2/repository/org/apache/cxf/cxf-rt-transports-http/3.5.5/cxf-rt-transports-http-3.5.5.jar:/home/yves/.m2/repository/com/fasterxml/jackson/core/jackson-core/2.12.3/jackson-core-2.12.3.jar:/home/yves/.m2/repository/com/fasterxml/jackson/core/jackson-databind/2.12.3/jackson-databind-2.12.3.jar:/home/yves/.m2/repository/com/fasterxml/jackson/core/jackson-annotations/2.12.3/jackson-annotations-2.12.3.jar:/home/yves/.m2/repository/org/example/common-poc/1.0-SNAPSHOT/common-poc-1.0-SNAPSHOT-tests.jar:/home/yves/.m2/repository/org/projectlombok/lombok/1.18.28/lombok-1.18.28.jar:/home/yves/.m2/repository/org/junit/jupiter/junit-jupiter/5.9.1/junit-jupiter-5.9.1.jar:/home/yves/.m2/repository/org/junit/jupiter/junit-jupiter-api/5.9.1/junit-jupiter-api-5.9.1.jar:/home/yves/.m2/repository/org/opentest4j/opentest4j/1.2.0/opentest4j-1.2.0.jar:/home/yves/.m2/repository/org/junit/platform/junit-platform-commons/1.9.1/junit-platform-commons-1.9.1.jar:/home/yves/.m2/repository/org/apiguardian/apiguardian-api/1.1.2/apiguardian-api-1.1.2.jar:/home/yves/.m2/repository/org/junit/jupiter/junit-jupiter-params/5.9.1/junit-jupiter-params-5.9.1.jar:/home/yves/.m2/repository/org/junit/jupiter/junit-jupiter-engine/5.9.1/junit-jupiter-engine-5.9.1.jar:/home/yves/.m2/repository/org/junit/platform/junit-platform-engine/1.9.1/junit-platform-engine-1.9.1.jar:"/>
    <property name="java.vm.vendor" value="Oracle Corporation"/>
    <property name="sun.arch.data.model" value="64"/>
    <property name="java.vendor.url" value="https://openjdk.java.net/"/>
    <property name="user.timezone" value=""/>
    <property name="java.vm.specification.version" value="11"/>
    <property name="os.name" value="Linux"/>
    <property name="sun.java.launcher" value="SUN_STANDARD"/>
    <property name="user.country" value="US"/>
    <property name="sun.boot.library.path" value="/opt/java/oracle/jdk-11.0.15/lib"/>
    <property name="sun.java.command" value="/home/yves/dev/github/perso/salesforce-marketing-poc/soap/target/surefire/surefirebooter18303516116482342953.jar /home/yves/dev/github/perso/salesforce-marketing-poc/soap/target/surefire 2023-09-12T17-10-47_740-jvmRun1 surefire1065445930419299384tmp surefire_013438561229865183806tmp"/>
    <property name="jdk.debug" value="release"/>
    <property name="test" value="SalesforceMarketingSoapTest#createAsset"/>
    <property name="surefire.test.class.path" value="/home/yves/dev/github/perso/salesforce-marketing-poc/soap/target/test-classes:/home/yves/dev/github/perso/salesforce-marketing-poc/soap/target/classes:/home/yves/.m2/repository/org/apache/cxf/cxf-rt-frontend-jaxws/3.5.5/cxf-rt-frontend-jaxws-3.5.5.jar:/home/yves/.m2/repository/xml-resolver/xml-resolver/1.2/xml-resolver-1.2.jar:/home/yves/.m2/repository/org/ow2/asm/asm/9.4/asm-9.4.jar:/home/yves/.m2/repository/org/apache/cxf/cxf-core/3.5.5/cxf-core-3.5.5.jar:/home/yves/.m2/repository/org/glassfish/jaxb/jaxb-runtime/2.3.5/jaxb-runtime-2.3.5.jar:/home/yves/.m2/repository/org/glassfish/jaxb/txw2/2.3.5/txw2-2.3.5.jar:/home/yves/.m2/repository/com/sun/istack/istack-commons-runtime/3.0.12/istack-commons-runtime-3.0.12.jar:/home/yves/.m2/repository/com/fasterxml/woodstox/woodstox-core/6.4.0/woodstox-core-6.4.0.jar:/home/yves/.m2/repository/org/codehaus/woodstox/stax2-api/4.2.1/stax2-api-4.2.1.jar:/home/yves/.m2/repository/org/apache/ws/xmlschema/xmlschema-core/2.3.0/xmlschema-core-2.3.0.jar:/home/yves/.m2/repository/jakarta/xml/bind/jakarta.xml.bind-api/2.3.3/jakarta.xml.bind-api-2.3.3.jar:/home/yves/.m2/repository/org/apache/cxf/cxf-rt-bindings-soap/3.5.5/cxf-rt-bindings-soap-3.5.5.jar:/home/yves/.m2/repository/org/apache/cxf/cxf-rt-wsdl/3.5.5/cxf-rt-wsdl-3.5.5.jar:/home/yves/.m2/repository/wsdl4j/wsdl4j/1.6.3/wsdl4j-1.6.3.jar:/home/yves/.m2/repository/org/apache/cxf/cxf-rt-databinding-jaxb/3.5.5/cxf-rt-databinding-jaxb-3.5.5.jar:/home/yves/.m2/repository/org/apache/cxf/cxf-rt-bindings-xml/3.5.5/cxf-rt-bindings-xml-3.5.5.jar:/home/yves/.m2/repository/org/apache/cxf/cxf-rt-frontend-simple/3.5.5/cxf-rt-frontend-simple-3.5.5.jar:/home/yves/.m2/repository/org/apache/cxf/cxf-rt-ws-addr/3.5.5/cxf-rt-ws-addr-3.5.5.jar:/home/yves/.m2/repository/org/apache/cxf/cxf-rt-ws-policy/3.5.5/cxf-rt-ws-policy-3.5.5.jar:/home/yves/.m2/repository/org/apache/neethi/neethi/3.2.0/neethi-3.2.0.jar:/home/yves/.m2/repository/jakarta/annotation/jakarta.annotation-api/1.3.5/jakarta.annotation-api-1.3.5.jar:/home/yves/.m2/repository/jakarta/xml/ws/jakarta.xml.ws-api/2.3.3/jakarta.xml.ws-api-2.3.3.jar:/home/yves/.m2/repository/jakarta/jws/jakarta.jws-api/2.1.0/jakarta.jws-api-2.1.0.jar:/home/yves/.m2/repository/jakarta/xml/soap/jakarta.xml.soap-api/1.4.2/jakarta.xml.soap-api-1.4.2.jar:/home/yves/.m2/repository/jakarta/activation/jakarta.activation-api/1.2.2/jakarta.activation-api-1.2.2.jar:/home/yves/.m2/repository/com/sun/activation/jakarta.activation/1.2.2/jakarta.activation-1.2.2.jar:/home/yves/.m2/repository/com/sun/xml/messaging/saaj/saaj-impl/1.5.3/saaj-impl-1.5.3.jar:/home/yves/.m2/repository/org/jvnet/staxex/stax-ex/1.8.3/stax-ex-1.8.3.jar:/home/yves/.m2/repository/org/apache/geronimo/specs/geronimo-jta_1.1_spec/1.1.1/geronimo-jta_1.1_spec-1.1.1.jar:/home/yves/.m2/repository/org/apache/cxf/cxf-rt-transports-http/3.5.5/cxf-rt-transports-http-3.5.5.jar:/home/yves/.m2/repository/com/fasterxml/jackson/core/jackson-core/2.12.3/jackson-core-2.12.3.jar:/home/yves/.m2/repository/com/fasterxml/jackson/core/jackson-databind/2.12.3/jackson-databind-2.12.3.jar:/home/yves/.m2/repository/com/fasterxml/jackson/core/jackson-annotations/2.12.3/jackson-annotations-2.12.3.jar:/home/yves/.m2/repository/org/example/common-poc/1.0-SNAPSHOT/common-poc-1.0-SNAPSHOT-tests.jar:/home/yves/.m2/repository/org/projectlombok/lombok/1.18.28/lombok-1.18.28.jar:/home/yves/.m2/repository/org/junit/jupiter/junit-jupiter/5.9.1/junit-jupiter-5.9.1.jar:/home/yves/.m2/repository/org/junit/jupiter/junit-jupiter-api/5.9.1/junit-jupiter-api-5.9.1.jar:/home/yves/.m2/repository/org/opentest4j/opentest4j/1.2.0/opentest4j-1.2.0.jar:/home/yves/.m2/repository/org/junit/platform/junit-platform-commons/1.9.1/junit-platform-commons-1.9.1.jar:/home/yves/.m2/repository/org/apiguardian/apiguardian-api/1.1.2/apiguardian-api-1.1.2.jar:/home/yves/.m2/repository/org/junit/jupiter/junit-jupiter-params/5.9.1/junit-jupiter-params-5.9.1.jar:/home/yves/.m2/repository/org/junit/jupiter/junit-jupiter-engine/5.9.1/junit-jupiter-engine-5.9.1.jar:/home/yves/.m2/repository/org/junit/platform/junit-platform-engine/1.9.1/junit-platform-engine-1.9.1.jar:"/>
    <property name="sun.cpu.endian" value="little"/>
    <property name="user.home" value="/home/yves"/>
    <property name="user.language" value="en"/>
    <property name="java.specification.vendor" value="Oracle Corporation"/>
    <property name="java.version.date" value="2022-04-19"/>
    <property name="java.home" value="/opt/java/oracle/jdk-11.0.15"/>
    <property name="file.separator" value="/"/>
    <property name="basedir" value="/home/yves/dev/github/perso/salesforce-marketing-poc/soap"/>
    <property name="java.vm.compressedOopsMode" value="Zero based"/>
    <property name="line.separator" value="&#10;"/>
    <property name="java.specification.name" value="Java Platform API Specification"/>
    <property name="java.vm.specification.vendor" value="Oracle Corporation"/>
    <property name="java.awt.graphicsenv" value="sun.awt.X11GraphicsEnvironment"/>
    <property name="surefire.real.class.path" value="/home/yves/dev/github/perso/salesforce-marketing-poc/soap/target/surefire/surefirebooter18303516116482342953.jar"/>
    <property name="sun.management.compiler" value="HotSpot 64-Bit Tiered Compilers"/>
    <property name="java.runtime.version" value="11.0.15+8-LTS-149"/>
    <property name="user.name" value="yves"/>
    <property name="path.separator" value=":"/>
    <property name="os.version" value="5.15.0-83-generic"/>
    <property name="java.runtime.name" value="Java(TM) SE Runtime Environment"/>
    <property name="file.encoding" value="UTF-8"/>
    <property name="java.vm.name" value="Java HotSpot(TM) 64-Bit Server VM"/>
    <property name="java.vendor.version" value="18.9"/>
    <property name="localRepository" value="/home/yves/.m2/repository"/>
    <property name="java.vendor.url.bug" value="https://bugreport.java.com/bugreport/"/>
    <property name="java.io.tmpdir" value="/tmp"/>
    <property name="java.version" value="11.0.15"/>
    <property name="user.dir" value="/home/yves/dev/github/perso/salesforce-marketing-poc/soap"/>
    <property name="os.arch" value="amd64"/>
    <property name="java.vm.specification.name" value="Java Virtual Machine Specification"/>
    <property name="java.awt.printerjob" value="sun.print.PSPrinterJob"/>
    <property name="sun.os.patch.level" value="unknown"/>
    <property name="java.library.path" value="/usr/java/packages/lib:/usr/lib64:/lib64:/lib:/usr/lib"/>
    <property name="java.vendor" value="Oracle Corporation"/>
    <property name="java.vm.info" value="mixed mode"/>
    <property name="java.vm.version" value="11.0.15+8-LTS-149"/>
    <property name="sun.io.unicode.encoding" value="UnicodeLittle"/>
    <property name="java.class.version" value="55.0"/>
  </properties>
  <testcase name="createAsset" classname="org.talend.poc.salesforce.marketing.SalesforceMarketingSoapTest" time="3.862"/>
</testsuite>